Thu Dec 17 10:05:57 2015 : statement ;
Thu Dec 17 10:05:57 2015 : statement ;
Thu Dec 17 10:05:57 2015 : statement ;
Thu Dec 17 10:05:57 2015 : statement ;
Thu Dec 17 10:05:57 2015 : statement ;
Thu Dec 17 10:05:57 2015 : statement ;
Thu Dec 17 10:05:57 2015 : statement ;
Thu Dec 17 10:05:57 2015 : statement ;
Thu Dec 17 10:05:57 2015 : statement ;
Thu Dec 17 10:05:57 2015 : statement ;
Thu Dec 17 10:05:57 2015 : adding identifier
Thu Dec 17 10:05:57 2015 : symbol a not found
Thu Dec 17 10:05:57 2015 : adding identifier
Thu Dec 17 10:05:57 2015 : symbol b not found
Thu Dec 17 10:05:57 2015 : adding identifier
Thu Dec 17 10:05:57 2015 : symbol c not found
Thu Dec 17 10:05:57 2015 : equals
Thu Dec 17 10:05:57 2015 : è una variable
Thu Dec 17 10:05:57 2015 : assignment
Thu Dec 17 10:05:57 2015 : evaluating const
Thu Dec 17 10:05:57 2015 : spec assignment
Thu Dec 17 10:05:57 2015 : equals
Thu Dec 17 10:05:57 2015 : è una variable
Thu Dec 17 10:05:57 2015 : assignment
Thu Dec 17 10:05:57 2015 : evaluating const
Thu Dec 17 10:05:57 2015 : spec assignment
Thu Dec 17 10:05:57 2015 : equals
Thu Dec 17 10:05:57 2015 : è una variable
Thu Dec 17 10:05:57 2015 : assignment
Thu Dec 17 10:05:57 2015 : evaluating const
Thu Dec 17 10:05:57 2015 : spec assignment
Thu Dec 17 10:05:57 2015 : print
Thu Dec 17 10:05:57 2015 : eval_identifier
Thu Dec 17 10:05:57 2015 : printData init
Thu Dec 17 10:05:57 2015 : print
Thu Dec 17 10:05:57 2015 : eval_identifier
Thu Dec 17 10:05:57 2015 : printData init
Thu Dec 17 10:05:57 2015 : print
Thu Dec 17 10:05:57 2015 : eval_routine
Thu Dec 17 10:05:57 2015 : adding identifier
Thu Dec 17 10:05:57 2015 : symbol x not found
Thu Dec 17 10:05:57 2015 : before symbol from identifier in function
Thu Dec 17 10:05:57 2015 : before assignement in function
Thu Dec 17 10:05:57 2015 : eval_identifier
Thu Dec 17 10:05:57 2015 : spec assignment
Thu Dec 17 10:05:57 2015 : adding identifier
Thu Dec 17 10:05:57 2015 : symbol y not found
Thu Dec 17 10:05:57 2015 : before symbol from identifier in function
Thu Dec 17 10:05:57 2015 : before assignement in function
Thu Dec 17 10:05:57 2015 : eval_identifier
Thu Dec 17 10:05:57 2015 : spec assignment
Thu Dec 17 10:05:57 2015 : equals
Thu Dec 17 10:05:57 2015 : è una procedura/funzione
Thu Dec 17 10:05:57 2015 : assignment
Thu Dec 17 10:05:57 2015 : eval_identifier
Thu Dec 17 10:05:57 2015 : eval_identifier
Thu Dec 17 10:05:57 2015 : evaluating OPERATion..
Thu Dec 17 10:05:57 2015 : addInt
Thu Dec 17 10:05:57 2015 : function executed
Thu Dec 17 10:05:57 2015 : return value from function
Thu Dec 17 10:05:57 2015 : printData init
Thu Dec 17 10:05:57 2015 : print
Thu Dec 17 10:05:57 2015 : eval_routine
Thu Dec 17 10:05:57 2015 : adding identifier
Thu Dec 17 10:05:57 2015 : symbol x not found
Thu Dec 17 10:05:57 2015 : before symbol from identifier in function
Thu Dec 17 10:05:57 2015 : before assignement in function
Thu Dec 17 10:05:57 2015 : eval_identifier
Thu Dec 17 10:05:57 2015 : spec assignment
Thu Dec 17 10:05:57 2015 : adding identifier
Thu Dec 17 10:05:57 2015 : symbol y not found
Thu Dec 17 10:05:57 2015 : before symbol from identifier in function
Thu Dec 17 10:05:57 2015 : before assignement in function
Thu Dec 17 10:05:57 2015 : eval_identifier
Thu Dec 17 10:05:57 2015 : spec assignment
Thu Dec 17 10:05:57 2015 : equals
Thu Dec 17 10:05:57 2015 : è una procedura/funzione
Thu Dec 17 10:05:57 2015 : assignment
Thu Dec 17 10:05:57 2015 : eval_identifier
Thu Dec 17 10:05:57 2015 : eval_identifier
Thu Dec 17 10:05:57 2015 : evaluating OPERATion..
Thu Dec 17 10:05:57 2015 : subInt
Thu Dec 17 10:05:57 2015 : function executed
Thu Dec 17 10:05:57 2015 : return value from function
Thu Dec 17 10:05:57 2015 : printData init
Thu Dec 17 10:05:57 2015 : print
Thu Dec 17 10:05:57 2015 : eval_routine
Thu Dec 17 10:05:57 2015 : adding identifier
Thu Dec 17 10:05:57 2015 : symbol x not found
Thu Dec 17 10:05:57 2015 : before symbol from identifier in function
Thu Dec 17 10:05:57 2015 : before assignement in function
Thu Dec 17 10:05:57 2015 : evaluating const
Thu Dec 17 10:05:57 2015 : spec assignment
Thu Dec 17 10:05:57 2015 : adding identifier
Thu Dec 17 10:05:57 2015 : symbol y not found
Thu Dec 17 10:05:57 2015 : before symbol from identifier in function
Thu Dec 17 10:05:57 2015 : before assignement in function
Thu Dec 17 10:05:57 2015 : eval_routine
Thu Dec 17 10:05:57 2015 : adding identifier
Thu Dec 17 10:05:57 2015 : symbol x not found
Thu Dec 17 10:05:57 2015 : before symbol from identifier in function
Thu Dec 17 10:05:57 2015 : before assignement in function
Thu Dec 17 10:05:57 2015 : eval_identifier
Thu Dec 17 10:05:57 2015 : spec assignment
Thu Dec 17 10:05:57 2015 : adding identifier
Thu Dec 17 10:05:57 2015 : symbol y not found
Thu Dec 17 10:05:57 2015 : before symbol from identifier in function
Thu Dec 17 10:05:57 2015 : before assignement in function
Thu Dec 17 10:05:57 2015 : eval_identifier
Thu Dec 17 10:05:57 2015 : spec assignment
Thu Dec 17 10:05:57 2015 : equals
Thu Dec 17 10:05:57 2015 : è una procedura/funzione
Thu Dec 17 10:05:57 2015 : assignment
Thu Dec 17 10:05:57 2015 : eval_identifier
Thu Dec 17 10:05:57 2015 : eval_identifier
Thu Dec 17 10:05:57 2015 : evaluating OPERATion..
Thu Dec 17 10:05:57 2015 : subInt
Thu Dec 17 10:05:57 2015 : function executed
Thu Dec 17 10:05:57 2015 : return value from function
Thu Dec 17 10:05:57 2015 : spec assignment
Thu Dec 17 10:05:57 2015 : equals
Thu Dec 17 10:05:57 2015 : è una procedura/funzione
Thu Dec 17 10:05:57 2015 : assignment
Thu Dec 17 10:05:57 2015 : eval_identifier
Thu Dec 17 10:05:57 2015 : eval_identifier
Thu Dec 17 10:05:57 2015 : evaluating OPERATion..
Thu Dec 17 10:05:57 2015 : addInt
Thu Dec 17 10:05:57 2015 : function executed
Thu Dec 17 10:05:57 2015 : return value from function
Thu Dec 17 10:05:57 2015 : printData init
